[debug] [2021-03-18T15:21:25.374Z] ----------------------------------------------------------------------
[debug] [2021-03-18T15:21:25.376Z] Command:       /usr/local/Cellar/node/14.9.0/bin/node /usr/local/bin/firebase init
[debug] [2021-03-18T15:21:25.377Z] CLI Version:   9.6.1
[debug] [2021-03-18T15:21:25.377Z] Platform:      darwin
[debug] [2021-03-18T15:21:25.377Z] Node Version:  v14.9.0
[debug] [2021-03-18T15:21:25.378Z] Time:          Thu Mar 18 2021 16:21:25 GMT+0100 (Central European Standard Time)
[debug] [2021-03-18T15:21:25.378Z] ----------------------------------------------------------------------
[debug] [2021-03-18T15:21:25.378Z] 
[debug] [2021-03-18T15:21:25.382Z] > command requires scopes: ["email","openid","https://www.googleapis.com/auth/cloudplatformprojects.readonly","https://www.googleapis.com/auth/firebase","https://www.googleapis.com/auth/cloud-platform"]
[debug] [2021-03-18T15:21:25.382Z] > authorizing via signed-in user
[info] 
     ######## #### ########  ######## ########     ###     ######  ########
     ##        ##  ##     ## ##       ##     ##  ##   ##  ##       ##
     ######    ##  ########  ######   ########  #########  ######  ######
     ##        ##  ##    ##  ##       ##     ## ##     ##       ## ##
     ##       #### ##     ## ######## ########  ##     ##  ######  ########

You're about to initialize a Firebase project in this directory:

  /Users/maroussiaarnault/code/Ahiiia92/fullstack-projects/project-immo/CRMapp-angular-frontend

[info] 
=== Project Setup
[info] 
[info] First, let's associate this project directory with a Firebase project.
[info] You can create multiple project aliases by running firebase use --add, 
[info] but for now we'll just set up a default project.
[info] 
[info] i  If you want to create a project in a Google Cloud organization or folder, please use "firebase projects:create" instead, and return to this command when you've created the project. 
[debug] [2021-03-18T15:22:22.711Z] >>> HTTP REQUEST POST https://cloudresourcemanager.googleapis.com/v1/projects  
 {"projectId":"re-crmapp","name":"re-crmapp"}
[debug] [2021-03-18T15:22:23.786Z] <<< HTTP RESPONSE 200 {"content-type":"application/json; charset=UTF-8","vary":"X-Origin, Referer, Origin,Accept-Encoding","date":"Thu, 18 Mar 2021 15:22:23 GMT","server":"ESF","cache-control":"private","x-xss-protection":"0","x-frame-options":"SAMEORIGIN","x-content-type-options":"nosniff","server-timing":"gfet4t7; dur=881","alt-svc":"h3-29=\":443\"; ma=2592000,h3-T051=\":443\"; ma=2592000,h3-Q050=\":443\"; ma=2592000,h3-Q046=\":443\"; ma=2592000,h3-Q043=\":443\"; ma=2592000,quic=\":443\"; ma=2592000; v=\"46,43\"","accept-ranges":"none","transfer-encoding":"chunked"}
[debug] [2021-03-18T15:22:23.789Z] > refreshing access token with scopes: []
[debug] [2021-03-18T15:22:23.790Z] >>> HTTP REQUEST POST https://www.googleapis.com/oauth2/v3/token  
 <request body omitted>
[debug] [2021-03-18T15:22:23.926Z] <<< HTTP RESPONSE 200 {"pragma":"no-cache","date":"Thu, 18 Mar 2021 15:22:23 GMT","cache-control":"no-cache, no-store, max-age=0, must-revalidate","expires":"Mon, 01 Jan 1990 00:00:00 GMT","content-type":"application/json; charset=utf-8","vary":"X-Origin, Referer, Origin,Accept-Encoding","server":"scaffolding on HTTPServer2","x-xss-protection":"0","x-frame-options":"SAMEORIGIN","x-content-type-options":"nosniff","alt-svc":"h3-29=\":443\"; ma=2592000,h3-T051=\":443\"; ma=2592000,h3-Q050=\":443\"; ma=2592000,h3-Q046=\":443\"; ma=2592000,h3-Q043=\":443\"; ma=2592000,quic=\":443\"; ma=2592000; v=\"46,43\"","accept-ranges":"none","transfer-encoding":"chunked"}
[debug] [2021-03-18T15:22:23.961Z] >>> [apiv2][query] GET https://cloudresourcemanager.googleapis.com/v1/operations/cp.7785733144980375328 [none]
[debug] [2021-03-18T15:22:24.915Z] <<< [apiv2][status] GET https://cloudresourcemanager.googleapis.com/v1/operations/cp.7785733144980375328 200
[debug] [2021-03-18T15:22:24.915Z] <<< [apiv2][body] GET https://cloudresourcemanager.googleapis.com/v1/operations/cp.7785733144980375328 {"name":"operations/cp.7785733144980375328"}
[debug] [2021-03-18T15:22:25.421Z] [Project Creation Poller] Retrying task index 0
[debug] [2021-03-18T15:22:25.421Z] >>> [apiv2][query] GET https://cloudresourcemanager.googleapis.com/v1/operations/cp.7785733144980375328 [none]
[debug] [2021-03-18T15:22:26.342Z] <<< [apiv2][status] GET https://cloudresourcemanager.googleapis.com/v1/operations/cp.7785733144980375328 200
[debug] [2021-03-18T15:22:26.342Z] <<< [apiv2][body] GET https://cloudresourcemanager.googleapis.com/v1/operations/cp.7785733144980375328 {"name":"operations/cp.7785733144980375328","metadata":{"@type":"type.googleapis.com/google.cloudresourcemanager.v1.ProjectCreationStatus","gettable":true,"ready":true},"done":true,"response":{"@type":"type.googleapis.com/google.cloudresourcemanager.v1.Project","projectNumber":"966911230819","projectId":"re-crmapp","lifecycleState":"ACTIVE","name":"re-crmapp","createTime":"2021-03-18T15:22:23.651Z"}}
[debug] [2021-03-18T15:22:26.344Z] > refreshing access token with scopes: ["email","https://www.googleapis.com/auth/cloud-platform","https://www.googleapis.com/auth/cloudplatformprojects.readonly","https://www.googleapis.com/auth/firebase","openid"]
[debug] [2021-03-18T15:22:26.344Z] >>> HTTP REQUEST POST https://www.googleapis.com/oauth2/v3/token  
 <request body omitted>
[debug] [2021-03-18T15:22:26.453Z] <<< HTTP RESPONSE 200 {"expires":"Mon, 01 Jan 1990 00:00:00 GMT","pragma":"no-cache","date":"Thu, 18 Mar 2021 15:22:26 GMT","cache-control":"no-cache, no-store, max-age=0, must-revalidate","content-type":"application/json; charset=utf-8","vary":"X-Origin, Referer, Origin,Accept-Encoding","server":"scaffolding on HTTPServer2","x-xss-protection":"0","x-frame-options":"SAMEORIGIN","x-content-type-options":"nosniff","alt-svc":"h3-29=\":443\"; ma=2592000,h3-T051=\":443\"; ma=2592000,h3-Q050=\":443\"; ma=2592000,h3-Q046=\":443\"; ma=2592000,h3-Q043=\":443\"; ma=2592000,quic=\":443\"; ma=2592000; v=\"46,43\"","accept-ranges":"none","transfer-encoding":"chunked"}
[debug] [2021-03-18T15:22:26.482Z] >>> HTTP REQUEST POST https://firebase.googleapis.com/v1beta1/projects/re-crmapp:addFirebase  
 
[debug] [2021-03-18T15:22:29.516Z] <<< HTTP RESPONSE 200 {"content-type":"application/json; charset=UTF-8","vary":"X-Origin, Referer, Origin,Accept-Encoding","date":"Thu, 18 Mar 2021 15:22:29 GMT","server":"ESF","cache-control":"private","x-xss-protection":"0","x-frame-options":"SAMEORIGIN","x-content-type-options":"nosniff","alt-svc":"h3-29=\":443\"; ma=2592000,h3-T051=\":443\"; ma=2592000,h3-Q050=\":443\"; ma=2592000,h3-Q046=\":443\"; ma=2592000,h3-Q043=\":443\"; ma=2592000,quic=\":443\"; ma=2592000; v=\"46,43\"","accept-ranges":"none","transfer-encoding":"chunked"}
[debug] [2021-03-18T15:22:29.518Z] > refreshing access token with scopes: []
[debug] [2021-03-18T15:22:29.518Z] >>> HTTP REQUEST POST https://www.googleapis.com/oauth2/v3/token  
 <request body omitted>
[debug] [2021-03-18T15:22:29.635Z] <<< HTTP RESPONSE 200 {"pragma":"no-cache","cache-control":"no-cache, no-store, max-age=0, must-revalidate","date":"Thu, 18 Mar 2021 15:22:29 GMT","expires":"Mon, 01 Jan 1990 00:00:00 GMT","content-type":"application/json; charset=utf-8","vary":"X-Origin, Referer, Origin,Accept-Encoding","server":"scaffolding on HTTPServer2","x-xss-protection":"0","x-frame-options":"SAMEORIGIN","x-content-type-options":"nosniff","alt-svc":"h3-29=\":443\"; ma=2592000,h3-T051=\":443\"; ma=2592000,h3-Q050=\":443\"; ma=2592000,h3-Q046=\":443\"; ma=2592000,h3-Q043=\":443\"; ma=2592000,quic=\":443\"; ma=2592000; v=\"46,43\"","accept-ranges":"none","transfer-encoding":"chunked"}
[debug] [2021-03-18T15:22:29.664Z] >>> [apiv2][query] GET https://firebase.googleapis.com/v1beta1/operations/workflows/MzVlYjM4YjYtZWU2ZC00MTE1LWFmYTQtYzM2OWMwMzRhZGU3 [none]
[debug] [2021-03-18T15:22:30.336Z] <<< [apiv2][status] GET https://firebase.googleapis.com/v1beta1/operations/workflows/MzVlYjM4YjYtZWU2ZC00MTE1LWFmYTQtYzM2OWMwMzRhZGU3 200
[debug] [2021-03-18T15:22:30.337Z] <<< [apiv2][body] GET https://firebase.googleapis.com/v1beta1/operations/workflows/MzVlYjM4YjYtZWU2ZC00MTE1LWFmYTQtYzM2OWMwMzRhZGU3 {"name":"operations/workflows/MzVlYjM4YjYtZWU2ZC00MTE1LWFmYTQtYzM2OWMwMzRhZGU3"}
[debug] [2021-03-18T15:22:30.840Z] [Add Firebase Poller] Retrying task index 0
[debug] [2021-03-18T15:22:30.840Z] >>> [apiv2][query] GET https://firebase.googleapis.com/v1beta1/operations/workflows/MzVlYjM4YjYtZWU2ZC00MTE1LWFmYTQtYzM2OWMwMzRhZGU3 [none]
[debug] [2021-03-18T15:22:31.476Z] <<< [apiv2][status] GET https://firebase.googleapis.com/v1beta1/operations/workflows/MzVlYjM4YjYtZWU2ZC00MTE1LWFmYTQtYzM2OWMwMzRhZGU3 200
[debug] [2021-03-18T15:22:31.476Z] <<< [apiv2][body] GET https://firebase.googleapis.com/v1beta1/operations/workflows/MzVlYjM4YjYtZWU2ZC00MTE1LWFmYTQtYzM2OWMwMzRhZGU3 {"name":"operations/workflows/MzVlYjM4YjYtZWU2ZC00MTE1LWFmYTQtYzM2OWMwMzRhZGU3"}
[debug] [2021-03-18T15:22:32.479Z] [Add Firebase Poller] Retrying task index 0
[debug] [2021-03-18T15:22:32.480Z] >>> [apiv2][query] GET https://firebase.googleapis.com/v1beta1/operations/workflows/MzVlYjM4YjYtZWU2ZC00MTE1LWFmYTQtYzM2OWMwMzRhZGU3 [none]
[debug] [2021-03-18T15:22:33.003Z] <<< [apiv2][status] GET https://firebase.googleapis.com/v1beta1/operations/workflows/MzVlYjM4YjYtZWU2ZC00MTE1LWFmYTQtYzM2OWMwMzRhZGU3 200
[debug] [2021-03-18T15:22:33.004Z] <<< [apiv2][body] GET https://firebase.googleapis.com/v1beta1/operations/workflows/MzVlYjM4YjYtZWU2ZC00MTE1LWFmYTQtYzM2OWMwMzRhZGU3 {"name":"operations/workflows/MzVlYjM4YjYtZWU2ZC00MTE1LWFmYTQtYzM2OWMwMzRhZGU3"}
[debug] [2021-03-18T15:22:35.004Z] [Add Firebase Poller] Retrying task index 0
[debug] [2021-03-18T15:22:35.005Z] >>> [apiv2][query] GET https://firebase.googleapis.com/v1beta1/operations/workflows/MzVlYjM4YjYtZWU2ZC00MTE1LWFmYTQtYzM2OWMwMzRhZGU3 [none]
[debug] [2021-03-18T15:22:35.458Z] <<< [apiv2][status] GET https://firebase.googleapis.com/v1beta1/operations/workflows/MzVlYjM4YjYtZWU2ZC00MTE1LWFmYTQtYzM2OWMwMzRhZGU3 200
[debug] [2021-03-18T15:22:35.459Z] <<< [apiv2][body] GET https://firebase.googleapis.com/v1beta1/operations/workflows/MzVlYjM4YjYtZWU2ZC00MTE1LWFmYTQtYzM2OWMwMzRhZGU3 {"name":"operations/workflows/MzVlYjM4YjYtZWU2ZC00MTE1LWFmYTQtYzM2OWMwMzRhZGU3"}
[debug] [2021-03-18T15:22:39.460Z] [Add Firebase Poller] Retrying task index 0
[debug] [2021-03-18T15:22:39.461Z] >>> [apiv2][query] GET https://firebase.googleapis.com/v1beta1/operations/workflows/MzVlYjM4YjYtZWU2ZC00MTE1LWFmYTQtYzM2OWMwMzRhZGU3 [none]
[debug] [2021-03-18T15:22:40.105Z] <<< [apiv2][status] GET https://firebase.googleapis.com/v1beta1/operations/workflows/MzVlYjM4YjYtZWU2ZC00MTE1LWFmYTQtYzM2OWMwMzRhZGU3 200
[debug] [2021-03-18T15:22:40.105Z] <<< [apiv2][body] GET https://firebase.googleapis.com/v1beta1/operations/workflows/MzVlYjM4YjYtZWU2ZC00MTE1LWFmYTQtYzM2OWMwMzRhZGU3 {"name":"operations/workflows/MzVlYjM4YjYtZWU2ZC00MTE1LWFmYTQtYzM2OWMwMzRhZGU3","done":true,"response":{"@type":"type.googleapis.com/google.firebase.service.v1beta1.FirebaseProject","projectId":"re-crmapp","projectNumber":"966911230819","displayName":"re-crmapp","name":"projects/re-crmapp","resources":{"hostingSite":"re-crmapp"}}}
[info] 
[info] 🎉🎉🎉 Your Firebase project is ready! 🎉🎉🎉
[info] 
[info] Project information:
[info]    - Project ID: re-crmapp
[info]    - Project Name: re-crmapp
[info] 
[info] Firebase console is available at
[info] https://console.firebase.google.com/project/re-crmapp/overview
[info] i  Using project re-crmapp (re-crmapp) 
[info] 
=== Hosting Setup
[info] 
[info] Your public directory is the folder (relative to your project directory) that
[info] will contain Hosting assets to be uploaded with firebase deploy. If you
[info] have a build process for your assets, use your build's output directory.
[info] 
